.next/types/app/automation/new/page.ts(2,24): error TS2307: Cannot find module '../../../../../app/automation/new/page.js' or its corresponding type declarations.
.next/types/app/automation/new/page.ts(5,29): error TS2307: Cannot find module '../../../../../app/automation/new/page.js' or its corresponding type declarations.
.next/types/app/automation/page.ts(2,24): error TS2307: Cannot find module '../../../../app/automation/page.js' or its corresponding type declarations.
.next/types/app/automation/page.ts(5,29): error TS2307: Cannot find module '../../../../app/automation/page.js' or its corresponding type declarations.
